[INFO] Scanning for projects...
[WARNING] 
[WARNING] Some problems were encountered while building the effective model for com.xq.study.demo-work-dataforbigdata:demo-dataforbigdata:jar:0.0.1-SNAPSHOT
[WARNING] 'dependencies.dependency.(groupId:artifactId:type:classifier)' must be unique: org.projectlombok:lombok:jar -> duplicate declaration of version (?) @ line 48, column 21
[WARNING] 'dependencies.dependency.(groupId:artifactId:type:classifier)' must be unique: org.projectlombok:lombok:jar -> duplicate declaration of version (?) @ line 52, column 21
[WARNING] 
[WARNING] Some problems were encountered while building the effective model for com.quick:demo-readcdh:jar:1.0-SNAPSHOT
[WARNING] 'dependencies.dependency.(groupId:artifactId:type:classifier)' must be unique: org.postgresql:postgresql:jar -> duplicate declaration of version (?) @ line 38, column 21
[WARNING] 
[WARNING] It is highly recommended to fix these problems because they threaten the stability of your build.
[WARNING] 
[WARNING] For this reason, future Maven versions might no longer support building such malformed projects.
[WARNING] 
[INFO] ------------------------------------------------------------------------
[INFO] Reactor Build Order:
[INFO] 
[INFO] demo-dataforbigdata
[INFO] demo-readcdh
[INFO] demo-readcdh-nonspring
[INFO] demo-sendEvent
[INFO] java_work_example
[INFO] 
[INFO] ------------------------------------------------------------------------
[INFO] Building demo-dataforbigdata 0.0.1-SNAPSHOT
[INFO] ------------------------------------------------------------------------
[INFO] ------------------------------------------------------------------------
[INFO] Reactor Summary:
[INFO] 
[INFO] demo-dataforbigdata ................................ FAILURE [  0.002 s]
[INFO] demo-readcdh ....................................... SKIPPED
[INFO] demo-readcdh-nonspring ............................. SKIPPED
[INFO] demo-sendEvent ..................................... SKIPPED
[INFO] java_work_example .................................. SKIPPED
[INFO] ------------------------------------------------------------------------
[INFO] BUILD FAILURE
[INFO] ------------------------------------------------------------------------
[INFO] Total time: 1.678 s
[INFO] Finished at: 2020-04-10T14:12:40+08:00
[INFO] Final Memory: 28M/212M
[INFO] ------------------------------------------------------------------------
[ERROR] Unknown lifecycle phase "dependency;tree". You must specify a valid lifecycle phase or a goal in the format <plugin-prefix>:<goal> or <plugin-group-id>:<plugin-artifact-id>[:<plugin-version>]:<goal>. Available lifecycle phases are: validate, initialize, generate-sources, process-sources, generate-resources, process-resources, compile, process-classes, generate-test-sources, process-test-sources, generate-test-resources, process-test-resources, test-compile, process-test-classes, test, prepare-package, package, pre-integration-test, integration-test, post-integration-test, verify, install, deploy, pre-clean, clean, post-clean, pre-site, site, post-site, site-deploy. -> [Help 1]
[ERROR] 
[ERROR] To see the full stack trace of the errors, re-run Maven with the -e switch.
[ERROR] Re-run Maven using the -X switch to enable full debug logging.
[ERROR] 
[ERROR] For more information about the errors and possible solutions, please read the following articles:
[ERROR] [Help 1] http://cwiki.apache.org/confluence/display/MAVEN/LifecyclePhaseNotFoundException
